<?xml version="1.0" encoding="utf-8"?><testsuites name="pytest tests"><testsuite name="pytest" errors="0" failures="0" skipped="0" tests="21" time="7.800" timestamp="2025-09-19T11:19:43.111908+02:00" hostname="ptisnovs-thinkpadt14gen3.brq.csb"><testcase classname="tests.integration.test_configuration" name="test_default_configuration" time="0.005" /><testcase classname="tests.integration.test_configuration" name="test_loading_proper_configuration" time="0.012" /><testcase classname="tests.integration.test_openapi_json" name="test_openapi_top_level_info" time="0.003" /><testcase classname="tests.integration.test_openapi_json" name="test_servers_section_present" time="0.001" /><testcase classname="tests.integration.test_openapi_json" name="test_paths_and_responses_exist[/-get-expected_codes0]" time="0.001" /><testcase classname="tests.integration.test_openapi_json" name="test_paths_and_responses_exist[/v1/info-get-expected_codes1]" time="0.001" /><testcase classname="tests.integration.test_openapi_json" name="test_paths_and_responses_exist[/v1/models-get-expected_codes2]" time="0.001" /><testcase classname="tests.integration.test_openapi_json" name="test_paths_and_responses_exist[/v1/query-post-expected_codes3]" time="0.001" /><testcase classname="tests.integration.test_openapi_json" name="test_paths_and_responses_exist[/v1/streaming_query-post-expected_codes4]" time="0.001" /><testcase classname="tests.integration.test_openapi_json" name="test_paths_and_responses_exist[/v1/config-get-expected_codes5]" time="0.001" /><testcase classname="tests.integration.test_openapi_json" name="test_paths_and_responses_exist[/v1/feedback-post-expected_codes6]" time="0.001" /><testcase classname="tests.integration.test_openapi_json" name="test_paths_and_responses_exist[/v1/feedback/status-get-expected_codes7]" time="0.001" /><testcase classname="tests.integration.test_openapi_json" name="test_paths_and_responses_exist[/v1/feedback/status-put-expected_codes8]" time="0.001" /><testcase classname="tests.integration.test_openapi_json" name="test_paths_and_responses_exist[/v1/conversations-get-expected_codes9]" time="0.001" /><testcase classname="tests.integration.test_openapi_json" name="test_paths_and_responses_exist[/v1/conversations/{conversation_id}-get-expected_codes10]" time="0.001" /><testcase classname="tests.integration.test_openapi_json" name="test_paths_and_responses_exist[/v1/conversations/{conversation_id}-delete-expected_codes11]" time="0.001" /><testcase classname="tests.integration.test_openapi_json" name="test_paths_and_responses_exist[/readiness-get-expected_codes12]" time="0.001" /><testcase classname="tests.integration.test_openapi_json" name="test_paths_and_responses_exist[/liveness-get-expected_codes13]" time="0.001" /><testcase classname="tests.integration.test_openapi_json" name="test_paths_and_responses_exist[/authorized-post-expected_codes14]" time="0.001" /><testcase classname="tests.integration.test_openapi_json" name="test_paths_and_responses_exist[/metrics-get-expected_codes15]" time="0.001" /><testcase classname="tests.integration.test_version" name="test_version_handling" time="2.365" /></testsuite></testsuites>